app/build/intermediates/manifest_merge_blame_file/release/processReleaseMainManifest/manifest-merger-blame-release-report.txt
1<?xml version="1.0" encoding="utf-8"?>
2<manifest xmlns:android="http://schemas.android.com/apk/res/android"
3    package="com.mohamedzaitoon.linkifyall"
4    android:versionCode="100"
5    android:versionName="0.1.0" >
6
7    <uses-sdk
8        android:minSdkVersion="26"
9        android:targetSdkVersion="36" />
10
11    <uses-permission android:name="android.permission.INTERNET" />
11-->src/main/AndroidManifest.xml:5:5-67
11-->src/main/AndroidManifest.xml:5:22-64
12    <uses-permission android:name="android.permission.REQUEST_INSTALL_PACKAGES" />
12-->src/main/AndroidManifest.xml:7:5-8:55
12-->src/main/AndroidManifest.xml:7:22-80
13    <uses-permission
13-->src/main/AndroidManifest.xml:10:5-107
14        android:name="android.permission.WRITE_EXTERNAL_STORAGE"
14-->src/main/AndroidManifest.xml:10:22-78
15        android:maxSdkVersion="28" />
15-->src/main/AndroidManifest.xml:10:79-105
16    <uses-permission
16-->src/main/AndroidManifest.xml:11:5-12:38
17        android:name="android.permission.READ_EXTERNAL_STORAGE"
17-->src/main/AndroidManifest.xml:11:22-77
18        android:maxSdkVersion="32" />
18-->src/main/AndroidManifest.xml:12:9-35
19    <uses-permission android:name="android.permission.ACCESS_NETWORK_STATE" />
19-->[com.google.android.gms:play-services-measurement:23.0.0] AndroidManifest.xml:24:5-79
19-->[com.google.android.gms:play-services-measurement:23.0.0] AndroidManifest.xml:24:22-76
20    <uses-permission android:name="android.permission.WAKE_LOCK" />
20-->[com.google.android.gms:play-services-measurement:23.0.0] AndroidManifest.xml:25:5-68
20-->[com.google.android.gms:play-services-measurement:23.0.0] AndroidManifest.xml:25:22-65
21    <uses-permission android:name="com.google.android.finsky.permission.BIND_GET_INSTALL_REFERRER_SERVICE" />
21-->[com.google.android.gms:play-services-measurement:23.0.0] AndroidManifest.xml:26:5-110
21-->[com.google.android.gms:play-services-measurement:23.0.0] AndroidManifest.xml:26:22-107
22    <uses-permission android:name="com.google.android.gms.permission.AD_ID" />
22-->[com.google.android.gms:play-services-measurement-impl:23.0.0] AndroidManifest.xml:27:5-79
22-->[com.google.android.gms:play-services-measurement-impl:23.0.0] AndroidManifest.xml:27:22-76
23    <uses-permission android:name="android.permission.ACCESS_ADSERVICES_ATTRIBUTION" />
23-->[com.google.android.gms:play-services-measurement-api:23.0.0] AndroidManifest.xml:26:5-88
23-->[com.google.android.gms:play-services-measurement-api:23.0.0] AndroidManifest.xml:26:22-85
24    <uses-permission android:name="android.permission.ACCESS_ADSERVICES_AD_ID" />
24-->[com.google.android.gms:play-services-measurement-api:23.0.0] AndroidManifest.xml:27:5-82
24-->[com.google.android.gms:play-services-measurement-api:23.0.0] AndroidManifest.xml:27:22-79
25
26    <permission
26-->[androidx.core:core:1.17.0] AndroidManifest.xml:22:5-24:47
27        android:name="com.mohamedzaitoon.linkifyall.DYNAMIC_RECEIVER_NOT_EXPORTED_PERMISSION"
27-->[androidx.core:core:1.17.0] AndroidManifest.xml:23:9-81
28        android:protectionLevel="signature" />
28-->[androidx.core:core:1.17.0] AndroidManifest.xml:24:9-44
29
30    <uses-permission android:name="com.mohamedzaitoon.linkifyall.DYNAMIC_RECEIVER_NOT_EXPORTED_PERMISSION" />
30-->[androidx.core:core:1.17.0] AndroidManifest.xml:26:5-97
30-->[androidx.core:core:1.17.0] AndroidManifest.xml:26:22-94
31
32    <application
32-->src/main/AndroidManifest.xml:14:5-52:19
33        android:appComponentFactory="androidx.core.app.CoreComponentFactory"
33-->[androidx.core:core:1.17.0] AndroidManifest.xml:28:18-86
34        android:extractNativeLibs="false"
35        android:hasCode="true"
35-->src/main/AndroidManifest.xml:16:9-31
36        android:icon="@mipmap/ic_launcher"
36-->src/main/AndroidManifest.xml:17:9-43
37        android:label="LinkifyAll"
37-->src/main/AndroidManifest.xml:15:9-35
38        android:theme="@android:style/Theme.DeviceDefault.Light.NoActionBar" >
38-->src/main/AndroidManifest.xml:18:9-77
39        <meta-data
39-->src/main/AndroidManifest.xml:20:9-22:35
40            android:name="xposedmodule"
40-->src/main/AndroidManifest.xml:21:13-40
41            android:value="true" />
41-->src/main/AndroidManifest.xml:22:13-33
42        <meta-data
42-->src/main/AndroidManifest.xml:24:9-26:67
43            android:name="xposeddescription"
43-->src/main/AndroidManifest.xml:25:13-45
44            android:value="Make all links clickable system-wide" />
44-->src/main/AndroidManifest.xml:26:13-65
45        <meta-data
45-->src/main/AndroidManifest.xml:28:9-30:33
46            android:name="xposedminversion"
46-->src/main/AndroidManifest.xml:29:13-44
47            android:value="93" />
47-->src/main/AndroidManifest.xml:30:13-31
48
49        <activity
49-->src/main/AndroidManifest.xml:32:9-40:20
50            android:name="com.mohamedzaitoon.linkifyall.MainActivity"
50-->src/main/AndroidManifest.xml:33:13-41
51            android:exported="true" >
51-->src/main/AndroidManifest.xml:34:13-36
52            <intent-filter>
52-->src/main/AndroidManifest.xml:36:13-39:29
53                <action android:name="android.intent.action.MAIN" />
53-->src/main/AndroidManifest.xml:37:17-69
53-->src/main/AndroidManifest.xml:37:25-66
54
55                <category android:name="android.intent.category.LAUNCHER" />
55-->src/main/AndroidManifest.xml:38:17-77
55-->src/main/AndroidManifest.xml:38:27-74
56            </intent-filter>
57        </activity>
58
59        <provider
60            android:name="androidx.core.content.FileProvider"
60-->src/main/AndroidManifest.xml:43:13-62
61            android:authorities="com.mohamedzaitoon.linkifyall.provider"
61-->src/main/AndroidManifest.xml:44:13-60
62            android:exported="false"
62-->src/main/AndroidManifest.xml:45:13-37
63            android:grantUriPermissions="true" >
63-->src/main/AndroidManifest.xml:46:13-47
64            <meta-data
64-->src/main/AndroidManifest.xml:47:13-49:58
65                android:name="android.support.FILE_PROVIDER_PATHS"
65-->src/main/AndroidManifest.xml:48:17-67
66                android:resource="@xml/provider_paths" />
66-->src/main/AndroidManifest.xml:49:17-55
67        </provider>
68
69        <receiver
69-->[com.google.android.gms:play-services-measurement:23.0.0] AndroidManifest.xml:29:9-33:20
70            android:name="com.google.android.gms.measurement.AppMeasurementReceiver"
70-->[com.google.android.gms:play-services-measurement:23.0.0] AndroidManifest.xml:30:13-85
71            android:enabled="true"
71-->[com.google.android.gms:play-services-measurement:23.0.0] AndroidManifest.xml:31:13-35
72            android:exported="false" >
72-->[com.google.android.gms:play-services-measurement:23.0.0] AndroidManifest.xml:32:13-37
73        </receiver>
74
75        <service
75-->[com.google.android.gms:play-services-measurement:23.0.0] AndroidManifest.xml:35:9-38:40
76            android:name="com.google.android.gms.measurement.AppMeasurementService"
76-->[com.google.android.gms:play-services-measurement:23.0.0] AndroidManifest.xml:36:13-84
77            android:enabled="true"
77-->[com.google.android.gms:play-services-measurement:23.0.0] AndroidManifest.xml:37:13-35
78            android:exported="false" />
78-->[com.google.android.gms:play-services-measurement:23.0.0] AndroidManifest.xml:38:13-37
79        <service
79-->[com.google.android.gms:play-services-measurement:23.0.0] AndroidManifest.xml:39:9-43:72
80            android:name="com.google.android.gms.measurement.AppMeasurementJobService"
80-->[com.google.android.gms:play-services-measurement:23.0.0] AndroidManifest.xml:40:13-87
81            android:enabled="true"
81-->[com.google.android.gms:play-services-measurement:23.0.0] AndroidManifest.xml:41:13-35
82            android:exported="false"
82-->[com.google.android.gms:play-services-measurement:23.0.0] AndroidManifest.xml:42:13-37
83            android:permission="android.permission.BIND_JOB_SERVICE" />
83-->[com.google.android.gms:play-services-measurement:23.0.0] AndroidManifest.xml:43:13-69
84
85        <uses-library
85-->[androidx.privacysandbox.ads:ads-adservices:1.1.0-beta11] AndroidManifest.xml:23:9-25:40
86            android:name="android.ext.adservices"
86-->[androidx.privacysandbox.ads:ads-adservices:1.1.0-beta11] AndroidManifest.xml:24:13-50
87            android:required="false" />
87-->[androidx.privacysandbox.ads:ads-adservices:1.1.0-beta11] AndroidManifest.xml:25:13-37
88
89        <service
89-->[com.google.android.gms:play-services-measurement-api:23.0.0] AndroidManifest.xml:30:9-36:19
90            android:name="com.google.firebase.components.ComponentDiscoveryService"
90-->[com.google.android.gms:play-services-measurement-api:23.0.0] AndroidManifest.xml:31:13-84
91            android:directBootAware="true"
91-->[com.google.firebase:firebase-common:22.0.1] AndroidManifest.xml:32:13-43
92            android:exported="false" >
92-->[com.google.android.gms:play-services-measurement-api:23.0.0] AndroidManifest.xml:32:13-37
93            <meta-data
93-->[com.google.android.gms:play-services-measurement-api:23.0.0] AndroidManifest.xml:33:13-35:85
94                android:name="com.google.firebase.components:com.google.firebase.analytics.connector.internal.AnalyticsConnectorRegistrar"
94-->[com.google.android.gms:play-services-measurement-api:23.0.0] AndroidManifest.xml:34:17-139
95                android:value="com.google.firebase.components.ComponentRegistrar" />
95-->[com.google.android.gms:play-services-measurement-api:23.0.0] AndroidManifest.xml:35:17-82
96            <meta-data
96-->[com.google.firebase:firebase-config:23.0.1] AndroidManifest.xml:29:13-31:85
97                android:name="com.google.firebase.components:com.google.firebase.remoteconfig.FirebaseRemoteConfigKtxRegistrar"
97-->[com.google.firebase:firebase-config:23.0.1] AndroidManifest.xml:30:17-128
98                android:value="com.google.firebase.components.ComponentRegistrar" />
98-->[com.google.firebase:firebase-config:23.0.1] AndroidManifest.xml:31:17-82
99            <meta-data
99-->[com.google.firebase:firebase-config:23.0.1] AndroidManifest.xml:32:13-34:85
100                android:name="com.google.firebase.components:com.google.firebase.remoteconfig.RemoteConfigRegistrar"
100-->[com.google.firebase:firebase-config:23.0.1] AndroidManifest.xml:33:17-117
101                android:value="com.google.firebase.components.ComponentRegistrar" />
101-->[com.google.firebase:firebase-config:23.0.1] AndroidManifest.xml:34:17-82
102            <meta-data
102-->[com.google.firebase:firebase-abt:21.1.1] AndroidManifest.xml:12:13-14:85
103                android:name="com.google.firebase.components:com.google.firebase.abt.component.AbtRegistrar"
103-->[com.google.firebase:firebase-abt:21.1.1] AndroidManifest.xml:13:17-109
104                android:value="com.google.firebase.components.ComponentRegistrar" />
104-->[com.google.firebase:firebase-abt:21.1.1] AndroidManifest.xml:14:17-82
105            <meta-data
105-->[com.google.firebase:firebase-installations:19.0.1] AndroidManifest.xml:15:13-17:85
106                android:name="com.google.firebase.components:com.google.firebase.installations.FirebaseInstallationsKtxRegistrar"
106-->[com.google.firebase:firebase-installations:19.0.1] AndroidManifest.xml:16:17-130
107                android:value="com.google.firebase.components.ComponentRegistrar" />
107-->[com.google.firebase:firebase-installations:19.0.1] AndroidManifest.xml:17:17-82
108            <meta-data
108-->[com.google.firebase:firebase-installations:19.0.1] AndroidManifest.xml:18:13-20:85
109                android:name="com.google.firebase.components:com.google.firebase.installations.FirebaseInstallationsRegistrar"
109-->[com.google.firebase:firebase-installations:19.0.1] AndroidManifest.xml:19:17-127
110                android:value="com.google.firebase.components.ComponentRegistrar" />
110-->[com.google.firebase:firebase-installations:19.0.1] AndroidManifest.xml:20:17-82
111            <meta-data
111-->[com.google.firebase:firebase-common:22.0.1] AndroidManifest.xml:35:13-37:85
112                android:name="com.google.firebase.components:com.google.firebase.FirebaseCommonKtxRegistrar"
112-->[com.google.firebase:firebase-common:22.0.1] AndroidManifest.xml:36:17-109
113                android:value="com.google.firebase.components.ComponentRegistrar" />
113-->[com.google.firebase:firebase-common:22.0.1] AndroidManifest.xml:37:17-82
114        </service>
115
116        <provider
116-->[com.google.firebase:firebase-common:22.0.1] AndroidManifest.xml:23:9-28:39
117            android:name="com.google.firebase.provider.FirebaseInitProvider"
117-->[com.google.firebase:firebase-common:22.0.1] AndroidManifest.xml:24:13-77
118            android:authorities="com.mohamedzaitoon.linkifyall.firebaseinitprovider"
118-->[com.google.firebase:firebase-common:22.0.1] AndroidManifest.xml:25:13-72
119            android:directBootAware="true"
119-->[com.google.firebase:firebase-common:22.0.1] AndroidManifest.xml:26:13-43
120            android:exported="false"
120-->[com.google.firebase:firebase-common:22.0.1] AndroidManifest.xml:27:13-37
121            android:initOrder="100" />
121-->[com.google.firebase:firebase-common:22.0.1] AndroidManifest.xml:28:13-36
122
123        <activity
123-->[com.google.android.gms:play-services-base:18.5.0] AndroidManifest.xml:5:9-173
124            android:name="com.google.android.gms.common.api.GoogleApiActivity"
124-->[com.google.android.gms:play-services-base:18.5.0] AndroidManifest.xml:5:19-85
125            android:exported="false"
125-->[com.google.android.gms:play-services-base:18.5.0] AndroidManifest.xml:5:146-170
126            android:theme="@android:style/Theme.Translucent.NoTitleBar" />
126-->[com.google.android.gms:play-services-base:18.5.0] AndroidManifest.xml:5:86-145
127
128        <meta-data
128-->[com.google.android.gms:play-services-basement:18.5.0] AndroidManifest.xml:21:9-23:69
129            android:name="com.google.android.gms.version"
129-->[com.google.android.gms:play-services-basement:18.5.0] AndroidManifest.xml:22:13-58
130            android:value="@integer/google_play_services_version" />
130-->[com.google.android.gms:play-services-basement:18.5.0] AndroidManifest.xml:23:13-66
131
132        <provider
132-->[androidx.profileinstaller:profileinstaller:1.3.0] AndroidManifest.xml:24:9-32:20
133            android:name="androidx.startup.InitializationProvider"
133-->[androidx.profileinstaller:profileinstaller:1.3.0] AndroidManifest.xml:25:13-67
134            android:authorities="com.mohamedzaitoon.linkifyall.androidx-startup"
134-->[androidx.profileinstaller:profileinstaller:1.3.0] AndroidManifest.xml:26:13-68
135            android:exported="false" >
135-->[androidx.profileinstaller:profileinstaller:1.3.0] AndroidManifest.xml:27:13-37
136            <meta-data
136-->[androidx.profileinstaller:profileinstaller:1.3.0] AndroidManifest.xml:29:13-31:52
137                android:name="androidx.profileinstaller.ProfileInstallerInitializer"
137-->[androidx.profileinstaller:profileinstaller:1.3.0] AndroidManifest.xml:30:17-85
138                android:value="androidx.startup" />
138-->[androidx.profileinstaller:profileinstaller:1.3.0] AndroidManifest.xml:31:17-49
139        </provider>
140
141        <receiver
141-->[androidx.profileinstaller:profileinstaller:1.3.0] AndroidManifest.xml:34:9-52:20
142            android:name="androidx.profileinstaller.ProfileInstallReceiver"
142-->[androidx.profileinstaller:profileinstaller:1.3.0] AndroidManifest.xml:35:13-76
143            android:directBootAware="false"
143-->[androidx.profileinstaller:profileinstaller:1.3.0] AndroidManifest.xml:36:13-44
144            android:enabled="true"
144-->[androidx.profileinstaller:profileinstaller:1.3.0] AndroidManifest.xml:37:13-35
145            android:exported="true"
145-->[androidx.profileinstaller:profileinstaller:1.3.0] AndroidManifest.xml:38:13-36
146            android:permission="android.permission.DUMP" >
146-->[androidx.profileinstaller:profileinstaller:1.3.0] AndroidManifest.xml:39:13-57
147            <intent-filter>
147-->[androidx.profileinstaller:profileinstaller:1.3.0] AndroidManifest.xml:40:13-42:29
148                <action android:name="androidx.profileinstaller.action.INSTALL_PROFILE" />
148-->[androidx.profileinstaller:profileinstaller:1.3.0] AndroidManifest.xml:41:17-91
148-->[androidx.profileinstaller:profileinstaller:1.3.0] AndroidManifest.xml:41:25-88
149            </intent-filter>
150            <intent-filter>
150-->[androidx.profileinstaller:profileinstaller:1.3.0] AndroidManifest.xml:43:13-45:29
151                <action android:name="androidx.profileinstaller.action.SKIP_FILE" />
151-->[androidx.profileinstaller:profileinstaller:1.3.0] AndroidManifest.xml:44:17-85
151-->[androidx.profileinstaller:profileinstaller:1.3.0] AndroidManifest.xml:44:25-82
152            </intent-filter>
153            <intent-filter>
153-->[androidx.profileinstaller:profileinstaller:1.3.0] AndroidManifest.xml:46:13-48:29
154                <action android:name="androidx.profileinstaller.action.SAVE_PROFILE" />
154-->[androidx.profileinstaller:profileinstaller:1.3.0] AndroidManifest.xml:47:17-88
154-->[androidx.profileinstaller:profileinstaller:1.3.0] AndroidManifest.xml:47:25-85
155            </intent-filter>
156            <intent-filter>
156-->[androidx.profileinstaller:profileinstaller:1.3.0] AndroidManifest.xml:49:13-51:29
157                <action android:name="androidx.profileinstaller.action.BENCHMARK_OPERATION" />
157-->[androidx.profileinstaller:profileinstaller:1.3.0] AndroidManifest.xml:50:17-95
157-->[androidx.profileinstaller:profileinstaller:1.3.0] AndroidManifest.xml:50:25-92
158            </intent-filter>
159        </receiver>
160    </application>
161
162</manifest>